<?xml version="1.0" encoding="UTF-8"?>
<persistence version="2.0" xmlns="http://java.sun.com/xml/ns/persistence"
    xmlns:xsi="http://www.w3.org/2001/XMLSchema-instance"
    xsi:schemaLocation="
        http://java.sun.com/xml/ns/persistence
        http://java.sun.com/xml/ns/persistence/persistence_2_0.xsd">
     <persistence-unit name="pu"  transaction-type="JTA">
    	<provider>org.eclipse.persistence.jpa.PersistenceProvider</provider>
        <jta-data-source>jdbc/btcbase</jta-data-source>
        <class>com.base.arquilian.model.Game</class>
        <properties>
            <!-- <property name="eclipselink.ddl-generation" value="drop-and-create-tables"/> -->
            <property name="eclipselink.ddl-generation" value="update" />
            <property name="eclipselink.ddl-generation.output-mode" value="database" /> 
            <property name="eclipselink.logging.level" value="FINE"/>
            <property name="eclipselink.logging.parameters" value="true"/>
        </properties>
    </persistence-unit>
    
    <!-- <persistence-unit name="test" transaction-type="JTA">
		<jta-data-source>jdbc/arquillian</jta-data-source>
		<class>com.base.arquilian.model.Game</class>
		<properties>
			日志的级别  
			<property name="openjpa.Log" value="DefaultLevel=TRACE,SQL=TRACE" />
			<property name="openjpa.DynamicEnhancementAgent" value="false" />
			<property name="openjpa.jdbc.DBDictionary" value="useWildCardForCount=true" />
			<property name="openjpa.jdbc.SynchronizeMappings" value="buildSchema" />
			<property name="openjpa.jdbc.UpdateManager" value="operation-order" />
			<property name="openjpa.jdbc.SchemaFactory" value="native(ForeignKeys=true)" />
		</properties>
	</persistence-unit> -->
</persistence>