<?xml version='1.0' encoding='UTF-8'?>

<dataset>
    <person id='1000' name='Richard' address="成都" />
    <person id='1001' name='Roger' address="北京"/>
    <person id='1002' name='Nick' address="上海"/>
    <person id='1003' name='David'  address= "重庆"/>
    <person id='1004' name='Syd' address= "深圳"/>
    
    <book id="1000" name = "语文"></book>
    <book id="1001" name = "数学"></book>
    <book id="1002" name = "英语"></book>
    <book id="1003" name = "物理"></book>
</dataset>